Analysis & Synthesis report for wrapper_11
Sat Apr 22 15:58:01 2023
Quartus II 64-Bit Version 13.0.1 Build 232 06/12/2013 Service Pack 1 SJ Web Edition


---------------------
; Table of Contents ;
---------------------
  1. Legal Notice
  2. Analysis & Synthesis Summary
  3. Analysis & Synthesis Settings
  4. Parallel Compilation
  5. Analysis & Synthesis Source Files Read
  6. Analysis & Synthesis Resource Usage Summary
  7. Analysis & Synthesis Resource Utilization by Entity
  8. Registers Removed During Synthesis
  9. General Register Statistics
 10. Inverted Register Statistics
 11. Multiplexer Restructuring Statistics (Restructuring Performed)
 12. Elapsed Time Per Partition
 13. Analysis & Synthesis Messages



----------------
; Legal Notice ;
----------------
Copyright (C) 1991-2013 Altera Corporation
Your use of Altera Corporation's design tools, logic functions 
and other software and tools, and its AMPP partner logic 
functions, and any output files from any of the foregoing 
(including device programming or simulation files), and any 
associated documentation or information are expressly subject 
to the terms and conditions of the Altera Program License 
Subscription Agreement, Altera MegaCore Function License 
Agreement, or other applicable license agreement, including, 
without limitation, that your use is for the sole purpose of 
programming logic devices manufactured by Altera and sold by 
Altera or its authorized distributors.  Please refer to the 
applicable agreement for further details.



+--------------------------------------------------------------------------------------+
; Analysis & Synthesis Summary                                                         ;
+------------------------------------+-------------------------------------------------+
; Analysis & Synthesis Status        ; Successful - Sat Apr 22 15:58:01 2023           ;
; Quartus II 64-Bit Version          ; 13.0.1 Build 232 06/12/2013 SP 1 SJ Web Edition ;
; Revision Name                      ; wrapper_11                                      ;
; Top-level Entity Name              ; wrapper_11                                      ;
; Family                             ; Cyclone II                                      ;
; Total logic elements               ; 1,911                                           ;
;     Total combinational functions  ; 1,910                                           ;
;     Dedicated logic registers      ; 140                                             ;
; Total registers                    ; 140                                             ;
; Total pins                         ; 35                                              ;
; Total virtual pins                 ; 0                                               ;
; Total memory bits                  ; 0                                               ;
; Embedded Multiplier 9-bit elements ; 0                                               ;
; Total PLLs                         ; 0                                               ;
+------------------------------------+-------------------------------------------------+


+----------------------------------------------------------------------------------------------------------------------+
; Analysis & Synthesis Settings                                                                                        ;
+----------------------------------------------------------------------------+--------------------+--------------------+
; Option                                                                     ; Setting            ; Default Value      ;
+----------------------------------------------------------------------------+--------------------+--------------------+
; Device                                                                     ; EP2C35F672C6       ;                    ;
; Top-level entity name                                                      ; wrapper_11         ; wrapper_11         ;
; Family name                                                                ; Cyclone II         ; Cyclone IV GX      ;
; Use smart compilation                                                      ; Off                ; Off                ;
; Enable parallel Assembler and TimeQuest Timing Analyzer during compilation ; On                 ; On                 ;
; Enable compact report table                                                ; Off                ; Off                ;
; Restructure Multiplexers                                                   ; Auto               ; Auto               ;
; Create Debugging Nodes for IP Cores                                        ; Off                ; Off                ;
; Preserve fewer node names                                                  ; On                 ; On                 ;
; Disable OpenCore Plus hardware evaluation                                  ; Off                ; Off                ;
; Verilog Version                                                            ; Verilog_2001       ; Verilog_2001       ;
; VHDL Version                                                               ; VHDL_1993          ; VHDL_1993          ;
; State Machine Processing                                                   ; Auto               ; Auto               ;
; Safe State Machine                                                         ; Off                ; Off                ;
; Extract Verilog State Machines                                             ; On                 ; On                 ;
; Extract VHDL State Machines                                                ; On                 ; On                 ;
; Ignore Verilog initial constructs                                          ; Off                ; Off                ;
; Iteration limit for constant Verilog loops                                 ; 5000               ; 5000               ;
; Iteration limit for non-constant Verilog loops                             ; 250                ; 250                ;
; Add Pass-Through Logic to Inferred RAMs                                    ; On                 ; On                 ;
; Infer RAMs from Raw Logic                                                  ; On                 ; On                 ;
; Parallel Synthesis                                                         ; On                 ; On                 ;
; DSP Block Balancing                                                        ; Auto               ; Auto               ;
; NOT Gate Push-Back                                                         ; On                 ; On                 ;
; Power-Up Don't Care                                                        ; On                 ; On                 ;
; Remove Redundant Logic Cells                                               ; Off                ; Off                ;
; Remove Duplicate Registers                                                 ; On                 ; On                 ;
; Ignore CARRY Buffers                                                       ; Off                ; Off                ;
; Ignore CASCADE Buffers                                                     ; Off                ; Off                ;
; Ignore GLOBAL Buffers                                                      ; Off                ; Off                ;
; Ignore ROW GLOBAL Buffers                                                  ; Off                ; Off                ;
; Ignore LCELL Buffers                                                       ; Off                ; Off                ;
; Ignore SOFT Buffers                                                        ; On                 ; On                 ;
; Limit AHDL Integers to 32 Bits                                             ; Off                ; Off                ;
; Optimization Technique                                                     ; Balanced           ; Balanced           ;
; Carry Chain Length                                                         ; 70                 ; 70                 ;
; Auto Carry Chains                                                          ; On                 ; On                 ;
; Auto Open-Drain Pins                                                       ; On                 ; On                 ;
; Perform WYSIWYG Primitive Resynthesis                                      ; Off                ; Off                ;
; Auto ROM Replacement                                                       ; On                 ; On                 ;
; Auto RAM Replacement                                                       ; On                 ; On                 ;
; Auto Shift Register Replacement                                            ; Auto               ; Auto               ;
; Allow Shift Register Merging across Hierarchies                            ; Auto               ; Auto               ;
; Auto Clock Enable Replacement                                              ; On                 ; On                 ;
; Strict RAM Replacement                                                     ; Off                ; Off                ;
; Allow Synchronous Control Signals                                          ; On                 ; On                 ;
; Force Use of Synchronous Clear Signals                                     ; Off                ; Off                ;
; Auto RAM to Logic Cell Conversion                                          ; Off                ; Off                ;
; Auto Resource Sharing                                                      ; Off                ; Off                ;
; Allow Any RAM Size For Recognition                                         ; Off                ; Off                ;
; Allow Any ROM Size For Recognition                                         ; Off                ; Off                ;
; Allow Any Shift Register Size For Recognition                              ; Off                ; Off                ;
; Use LogicLock Constraints during Resource Balancing                        ; On                 ; On                 ;
; Ignore translate_off and synthesis_off directives                          ; Off                ; Off                ;
; Timing-Driven Synthesis                                                    ; Off                ; Off                ;
; Report Parameter Settings                                                  ; On                 ; On                 ;
; Report Source Assignments                                                  ; On                 ; On                 ;
; Report Connectivity Checks                                                 ; On                 ; On                 ;
; Ignore Maximum Fan-Out Assignments                                         ; Off                ; Off                ;
; Synchronization Register Chain Length                                      ; 2                  ; 2                  ;
; PowerPlay Power Optimization                                               ; Normal compilation ; Normal compilation ;
; HDL message level                                                          ; Level2             ; Level2             ;
; Suppress Register Optimization Related Messages                            ; Off                ; Off                ;
; Number of Removed Registers Reported in Synthesis Report                   ; 5000               ; 5000               ;
; Number of Swept Nodes Reported in Synthesis Report                         ; 5000               ; 5000               ;
; Number of Inverted Registers Reported in Synthesis Report                  ; 100                ; 100                ;
; Clock MUX Protection                                                       ; On                 ; On                 ;
; Auto Gated Clock Conversion                                                ; Off                ; Off                ;
; Block Design Naming                                                        ; Auto               ; Auto               ;
; SDC constraint protection                                                  ; Off                ; Off                ;
; Synthesis Effort                                                           ; Auto               ; Auto               ;
; Shift Register Replacement - Allow Asynchronous Clear Signal               ; On                 ; On                 ;
; Pre-Mapping Resynthesis Optimization                                       ; Off                ; Off                ;
; Analysis & Synthesis Message Level                                         ; Medium             ; Medium             ;
; Disable Register Merging Across Hierarchies                                ; Auto               ; Auto               ;
; Resource Aware Inference For Block RAM                                     ; On                 ; On                 ;
; Synthesis Seed                                                             ; 1                  ; 1                  ;
+----------------------------------------------------------------------------+--------------------+--------------------+


Parallel compilation was disabled, but you have multiple processors available. Enable parallel compilation to reduce compilation time.
+-------------------------------------+
; Parallel Compilation                ;
+----------------------------+--------+
; Processors                 ; Number ;
+----------------------------+--------+
; Number detected on machine ; 16     ;
; Maximum allowed            ; 1      ;
+----------------------------+--------+


+----------------------------------------------------------------------------------------------------------------------------------------+
; Analysis & Synthesis Source Files Read                                                                                                 ;
+----------------------------------+-----------------+------------------------------+------------------------------------------+---------+
; File Name with User-Entered Path ; Used in Netlist ; File Type                    ; File Name with Absolute Path             ; Library ;
+----------------------------------+-----------------+------------------------------+------------------------------------------+---------+
; bin2dec_5d.sv                    ; yes             ; User SystemVerilog HDL File  ; D:/HocTap/FPGA/Test/test11/bin2dec_5d.sv ;         ;
; wrapper_11.sv                    ; yes             ; User SystemVerilog HDL File  ; D:/HocTap/FPGA/Test/test11/wrapper_11.sv ;         ;
; test11.sv                        ; yes             ; User SystemVerilog HDL File  ; D:/HocTap/FPGA/Test/test11/test11.sv     ;         ;
; LCD.sv                           ; yes             ; User SystemVerilog HDL File  ; D:/HocTap/FPGA/Test/test11/LCD.sv        ;         ;
; design_11.sv                     ; yes             ; User SystemVerilog HDL File  ; D:/HocTap/FPGA/Test/test11/design_11.sv  ;         ;
; bin2dec.sv                       ; yes             ; User SystemVerilog HDL File  ; D:/HocTap/FPGA/Test/test11/bin2dec.sv    ;         ;
+----------------------------------+-----------------+------------------------------+------------------------------------------+---------+


+--------------------------------------------------------+
; Analysis & Synthesis Resource Usage Summary            ;
+---------------------------------------------+----------+
; Resource                                    ; Usage    ;
+---------------------------------------------+----------+
; Estimated Total logic elements              ; 1,911    ;
;                                             ;          ;
; Total combinational functions               ; 1910     ;
; Logic element usage by number of LUT inputs ;          ;
;     -- 4 input functions                    ; 817      ;
;     -- 3 input functions                    ; 206      ;
;     -- <=2 input functions                  ; 887      ;
;                                             ;          ;
; Logic elements by mode                      ;          ;
;     -- normal mode                          ; 1093     ;
;     -- arithmetic mode                      ; 817      ;
;                                             ;          ;
; Total registers                             ; 140      ;
;     -- Dedicated logic registers            ; 140      ;
;     -- I/O registers                        ; 0        ;
;                                             ;          ;
; I/O pins                                    ; 35       ;
; Embedded Multiplier 9-bit elements          ; 0        ;
; Maximum fan-out node                        ; CLOCK_50 ;
; Maximum fan-out                             ; 114      ;
; Total fan-out                               ; 5990     ;
; Average fan-out                             ; 2.87     ;
+---------------------------------------------+----------+


+------------------------------------------------------------------------------------------------------------------------------------------------------------------------------------------------------------+
; Analysis & Synthesis Resource Utilization by Entity                                                                                                                                                        ;
+-------------------------------+-------------------+--------------+-------------+--------------+---------+-----------+------+--------------+-------------------------------------------------+--------------+
; Compilation Hierarchy Node    ; LC Combinationals ; LC Registers ; Memory Bits ; DSP Elements ; DSP 9x9 ; DSP 18x18 ; Pins ; Virtual Pins ; Full Hierarchy Name                             ; Library Name ;
+-------------------------------+-------------------+--------------+-------------+--------------+---------+-----------+------+--------------+-------------------------------------------------+--------------+
; |wrapper_11                   ; 1910 (0)          ; 140 (0)      ; 0           ; 0            ; 0       ; 0         ; 35   ; 0            ; |wrapper_11                                     ; work         ;
;    |design_11:dut|            ; 1910 (0)          ; 140 (0)      ; 0           ; 0            ; 0       ; 0         ; 0    ; 0            ; |wrapper_11|design_11:dut                       ; work         ;
;       |LCD:LCD|               ; 203 (203)         ; 114 (114)    ; 0           ; 0            ; 0       ; 0         ; 0    ; 0            ; |wrapper_11|design_11:dut|LCD:LCD               ; work         ;
;       |bin2dec:bin2dec|       ; 515 (515)         ; 0 (0)        ; 0           ; 0            ; 0       ; 0         ; 0    ; 0            ; |wrapper_11|design_11:dut|bin2dec:bin2dec       ; work         ;
;       |bin2dec_5d:bin2dec_5d| ; 1140 (1140)       ; 0 (0)        ; 0           ; 0            ; 0       ; 0         ; 0    ; 0            ; |wrapper_11|design_11:dut|bin2dec_5d:bin2dec_5d ; work         ;
;       |test11:test11|         ; 52 (52)           ; 26 (26)      ; 0           ; 0            ; 0       ; 0         ; 0    ; 0            ; |wrapper_11|design_11:dut|test11:test11         ; work         ;
+-------------------------------+-------------------+--------------+-------------+--------------+---------+-----------+------+--------------+-------------------------------------------------+--------------+
Note: For table entries with two numbers listed, the numbers in parentheses indicate the number of resources of the given type used by the specific entity alone. The numbers listed outside of parentheses indicate the total resources of the given type used by the specific entity and all of its sub-entities in the hierarchy.


+----------------------------------------------------------------------------------+
; Registers Removed During Synthesis                                               ;
+-----------------------------------------+----------------------------------------+
; Register name                           ; Reason for Removal                     ;
+-----------------------------------------+----------------------------------------+
; design_11:dut|LCD:LCD|Datas[21][0]      ; Stuck at VCC due to stuck port data_in ;
; design_11:dut|LCD:LCD|Datas[21][1]      ; Stuck at GND due to stuck port data_in ;
; design_11:dut|LCD:LCD|Datas[21][2]      ; Stuck at VCC due to stuck port data_in ;
; design_11:dut|LCD:LCD|Datas[21][3]      ; Stuck at VCC due to stuck port data_in ;
; design_11:dut|LCD:LCD|Datas[21][4]      ; Stuck at VCC due to stuck port data_in ;
; design_11:dut|LCD:LCD|Datas[21][5]      ; Stuck at VCC due to stuck port data_in ;
; design_11:dut|LCD:LCD|Datas[21][6]      ; Stuck at GND due to stuck port data_in ;
; design_11:dut|LCD:LCD|Datas[21][7]      ; Stuck at GND due to stuck port data_in ;
; design_11:dut|LCD:LCD|Datas[20][0]      ; Stuck at VCC due to stuck port data_in ;
; design_11:dut|LCD:LCD|Datas[20][1]      ; Stuck at GND due to stuck port data_in ;
; design_11:dut|LCD:LCD|Datas[20][2]      ; Stuck at VCC due to stuck port data_in ;
; design_11:dut|LCD:LCD|Datas[20][3]      ; Stuck at VCC due to stuck port data_in ;
; design_11:dut|LCD:LCD|Datas[20][4]      ; Stuck at GND due to stuck port data_in ;
; design_11:dut|LCD:LCD|Datas[20][5]      ; Stuck at GND due to stuck port data_in ;
; design_11:dut|LCD:LCD|Datas[20][6]      ; Stuck at VCC due to stuck port data_in ;
; design_11:dut|LCD:LCD|Datas[20][7]      ; Stuck at GND due to stuck port data_in ;
; design_11:dut|LCD:LCD|Datas[19][0]      ; Stuck at VCC due to stuck port data_in ;
; design_11:dut|LCD:LCD|Datas[19][1]      ; Stuck at GND due to stuck port data_in ;
; design_11:dut|LCD:LCD|Datas[19][2]      ; Stuck at VCC due to stuck port data_in ;
; design_11:dut|LCD:LCD|Datas[19][3]      ; Stuck at GND due to stuck port data_in ;
; design_11:dut|LCD:LCD|Datas[19][4]      ; Stuck at VCC due to stuck port data_in ;
; design_11:dut|LCD:LCD|Datas[19][5]      ; Stuck at GND due to stuck port data_in ;
; design_11:dut|LCD:LCD|Datas[19][6]      ; Stuck at VCC due to stuck port data_in ;
; design_11:dut|LCD:LCD|Datas[19][7]      ; Stuck at GND due to stuck port data_in ;
; design_11:dut|LCD:LCD|Datas[18][0]      ; Stuck at VCC due to stuck port data_in ;
; design_11:dut|LCD:LCD|Datas[18][1]      ; Stuck at VCC due to stuck port data_in ;
; design_11:dut|LCD:LCD|Datas[18][2]      ; Stuck at GND due to stuck port data_in ;
; design_11:dut|LCD:LCD|Datas[18][3]      ; Stuck at GND due to stuck port data_in ;
; design_11:dut|LCD:LCD|Datas[18][4]      ; Stuck at VCC due to stuck port data_in ;
; design_11:dut|LCD:LCD|Datas[18][5]      ; Stuck at GND due to stuck port data_in ;
; design_11:dut|LCD:LCD|Datas[18][6]      ; Stuck at VCC due to stuck port data_in ;
; design_11:dut|LCD:LCD|Datas[18][7]      ; Stuck at GND due to stuck port data_in ;
; design_11:dut|LCD:LCD|Datas[17][0]      ; Stuck at GND due to stuck port data_in ;
; design_11:dut|LCD:LCD|Datas[17][1]      ; Stuck at GND due to stuck port data_in ;
; design_11:dut|LCD:LCD|Datas[17][2]      ; Stuck at GND due to stuck port data_in ;
; design_11:dut|LCD:LCD|Datas[17][3]      ; Stuck at GND due to stuck port data_in ;
; design_11:dut|LCD:LCD|Datas[17][4]      ; Stuck at GND due to stuck port data_in ;
; design_11:dut|LCD:LCD|Datas[17][5]      ; Stuck at GND due to stuck port data_in ;
; design_11:dut|LCD:LCD|Datas[17][6]      ; Stuck at VCC due to stuck port data_in ;
; design_11:dut|LCD:LCD|Datas[17][7]      ; Stuck at VCC due to stuck port data_in ;
; design_11:dut|LCD:LCD|Datas[16][0]      ; Stuck at GND due to stuck port data_in ;
; design_11:dut|LCD:LCD|Datas[16][1]      ; Stuck at GND due to stuck port data_in ;
; design_11:dut|LCD:LCD|Datas[16][2]      ; Stuck at GND due to stuck port data_in ;
; design_11:dut|LCD:LCD|Datas[16][3]      ; Stuck at GND due to stuck port data_in ;
; design_11:dut|LCD:LCD|Datas[16][4]      ; Stuck at GND due to stuck port data_in ;
; design_11:dut|LCD:LCD|Datas[16][5]      ; Stuck at VCC due to stuck port data_in ;
; design_11:dut|LCD:LCD|Datas[16][6]      ; Stuck at GND due to stuck port data_in ;
; design_11:dut|LCD:LCD|Datas[16][7]      ; Stuck at GND due to stuck port data_in ;
; design_11:dut|LCD:LCD|Datas[15][0]      ; Stuck at GND due to stuck port data_in ;
; design_11:dut|LCD:LCD|Datas[15][1]      ; Stuck at GND due to stuck port data_in ;
; design_11:dut|LCD:LCD|Datas[15][2]      ; Stuck at GND due to stuck port data_in ;
; design_11:dut|LCD:LCD|Datas[15][3]      ; Stuck at GND due to stuck port data_in ;
; design_11:dut|LCD:LCD|Datas[15][4]      ; Stuck at GND due to stuck port data_in ;
; design_11:dut|LCD:LCD|Datas[15][5]      ; Stuck at VCC due to stuck port data_in ;
; design_11:dut|LCD:LCD|Datas[15][6]      ; Stuck at GND due to stuck port data_in ;
; design_11:dut|LCD:LCD|Datas[15][7]      ; Stuck at GND due to stuck port data_in ;
; design_11:dut|LCD:LCD|Datas[14][0]      ; Stuck at GND due to stuck port data_in ;
; design_11:dut|LCD:LCD|Datas[14][1]      ; Stuck at GND due to stuck port data_in ;
; design_11:dut|LCD:LCD|Datas[14][2]      ; Stuck at GND due to stuck port data_in ;
; design_11:dut|LCD:LCD|Datas[14][3]      ; Stuck at GND due to stuck port data_in ;
; design_11:dut|LCD:LCD|Datas[14][4]      ; Stuck at GND due to stuck port data_in ;
; design_11:dut|LCD:LCD|Datas[14][5]      ; Stuck at VCC due to stuck port data_in ;
; design_11:dut|LCD:LCD|Datas[14][6]      ; Stuck at GND due to stuck port data_in ;
; design_11:dut|LCD:LCD|Datas[14][7]      ; Stuck at GND due to stuck port data_in ;
; design_11:dut|LCD:LCD|Datas[13][0]      ; Stuck at GND due to stuck port data_in ;
; design_11:dut|LCD:LCD|Datas[13][1]      ; Stuck at GND due to stuck port data_in ;
; design_11:dut|LCD:LCD|Datas[13][2]      ; Stuck at GND due to stuck port data_in ;
; design_11:dut|LCD:LCD|Datas[13][3]      ; Stuck at GND due to stuck port data_in ;
; design_11:dut|LCD:LCD|Datas[13][4]      ; Stuck at GND due to stuck port data_in ;
; design_11:dut|LCD:LCD|Datas[13][5]      ; Stuck at VCC due to stuck port data_in ;
; design_11:dut|LCD:LCD|Datas[13][6]      ; Stuck at GND due to stuck port data_in ;
; design_11:dut|LCD:LCD|Datas[13][7]      ; Stuck at GND due to stuck port data_in ;
; design_11:dut|LCD:LCD|Datas[12][0]      ; Stuck at GND due to stuck port data_in ;
; design_11:dut|LCD:LCD|Datas[12][1]      ; Stuck at GND due to stuck port data_in ;
; design_11:dut|LCD:LCD|Datas[12][2]      ; Stuck at GND due to stuck port data_in ;
; design_11:dut|LCD:LCD|Datas[12][3]      ; Stuck at GND due to stuck port data_in ;
; design_11:dut|LCD:LCD|Datas[12][4]      ; Stuck at GND due to stuck port data_in ;
; design_11:dut|LCD:LCD|Datas[12][5]      ; Stuck at VCC due to stuck port data_in ;
; design_11:dut|LCD:LCD|Datas[12][6]      ; Stuck at GND due to stuck port data_in ;
; design_11:dut|LCD:LCD|Datas[12][7]      ; Stuck at GND due to stuck port data_in ;
; design_11:dut|LCD:LCD|Datas[11][0]      ; Stuck at GND due to stuck port data_in ;
; design_11:dut|LCD:LCD|Datas[11][1]      ; Stuck at GND due to stuck port data_in ;
; design_11:dut|LCD:LCD|Datas[11][2]      ; Stuck at GND due to stuck port data_in ;
; design_11:dut|LCD:LCD|Datas[11][3]      ; Stuck at GND due to stuck port data_in ;
; design_11:dut|LCD:LCD|Datas[11][4]      ; Stuck at GND due to stuck port data_in ;
; design_11:dut|LCD:LCD|Datas[11][5]      ; Stuck at VCC due to stuck port data_in ;
; design_11:dut|LCD:LCD|Datas[11][6]      ; Stuck at GND due to stuck port data_in ;
; design_11:dut|LCD:LCD|Datas[11][7]      ; Stuck at GND due to stuck port data_in ;
; design_11:dut|LCD:LCD|Datas[7][0]       ; Stuck at VCC due to stuck port data_in ;
; design_11:dut|LCD:LCD|Datas[7][1]       ; Stuck at GND due to stuck port data_in ;
; design_11:dut|LCD:LCD|Datas[7][2]       ; Stuck at VCC due to stuck port data_in ;
; design_11:dut|LCD:LCD|Datas[7][3]       ; Stuck at VCC due to stuck port data_in ;
; design_11:dut|LCD:LCD|Datas[7][4]       ; Stuck at VCC due to stuck port data_in ;
; design_11:dut|LCD:LCD|Datas[7][5]       ; Stuck at VCC due to stuck port data_in ;
; design_11:dut|LCD:LCD|Datas[7][6]       ; Stuck at GND due to stuck port data_in ;
; design_11:dut|LCD:LCD|Datas[7][7]       ; Stuck at GND due to stuck port data_in ;
; design_11:dut|LCD:LCD|Datas[6][0]       ; Stuck at GND due to stuck port data_in ;
; design_11:dut|LCD:LCD|Datas[6][1]       ; Stuck at VCC due to stuck port data_in ;
; design_11:dut|LCD:LCD|Datas[6][2]       ; Stuck at VCC due to stuck port data_in ;
; design_11:dut|LCD:LCD|Datas[6][3]       ; Stuck at VCC due to stuck port data_in ;
; design_11:dut|LCD:LCD|Datas[6][4]       ; Stuck at GND due to stuck port data_in ;
; design_11:dut|LCD:LCD|Datas[6][5]       ; Stuck at GND due to stuck port data_in ;
; design_11:dut|LCD:LCD|Datas[6][6]       ; Stuck at VCC due to stuck port data_in ;
; design_11:dut|LCD:LCD|Datas[6][7]       ; Stuck at GND due to stuck port data_in ;
; design_11:dut|LCD:LCD|Datas[5][0]       ; Stuck at GND due to stuck port data_in ;
; design_11:dut|LCD:LCD|Datas[5][1]       ; Stuck at GND due to stuck port data_in ;
; design_11:dut|LCD:LCD|Datas[5][2]       ; Stuck at GND due to stuck port data_in ;
; design_11:dut|LCD:LCD|Datas[5][3]       ; Stuck at GND due to stuck port data_in ;
; design_11:dut|LCD:LCD|Datas[5][4]       ; Stuck at GND due to stuck port data_in ;
; design_11:dut|LCD:LCD|Datas[5][5]       ; Stuck at GND due to stuck port data_in ;
; design_11:dut|LCD:LCD|Datas[5][6]       ; Stuck at GND due to stuck port data_in ;
; design_11:dut|LCD:LCD|Datas[5][7]       ; Stuck at VCC due to stuck port data_in ;
; design_11:dut|LCD:LCD|Datas[4][0]       ; Stuck at VCC due to stuck port data_in ;
; design_11:dut|LCD:LCD|Datas[4][1]       ; Stuck at GND due to stuck port data_in ;
; design_11:dut|LCD:LCD|Datas[4][2]       ; Stuck at GND due to stuck port data_in ;
; design_11:dut|LCD:LCD|Datas[4][3]       ; Stuck at GND due to stuck port data_in ;
; design_11:dut|LCD:LCD|Datas[4][4]       ; Stuck at GND due to stuck port data_in ;
; design_11:dut|LCD:LCD|Datas[4][5]       ; Stuck at GND due to stuck port data_in ;
; design_11:dut|LCD:LCD|Datas[4][6]       ; Stuck at GND due to stuck port data_in ;
; design_11:dut|LCD:LCD|Datas[4][7]       ; Stuck at GND due to stuck port data_in ;
; design_11:dut|LCD:LCD|Datas[3][0]       ; Stuck at GND due to stuck port data_in ;
; design_11:dut|LCD:LCD|Datas[3][1]       ; Stuck at VCC due to stuck port data_in ;
; design_11:dut|LCD:LCD|Datas[3][2]       ; Stuck at VCC due to stuck port data_in ;
; design_11:dut|LCD:LCD|Datas[3][3]       ; Stuck at GND due to stuck port data_in ;
; design_11:dut|LCD:LCD|Datas[3][4]       ; Stuck at GND due to stuck port data_in ;
; design_11:dut|LCD:LCD|Datas[3][5]       ; Stuck at GND due to stuck port data_in ;
; design_11:dut|LCD:LCD|Datas[3][6]       ; Stuck at GND due to stuck port data_in ;
; design_11:dut|LCD:LCD|Datas[3][7]       ; Stuck at GND due to stuck port data_in ;
; design_11:dut|LCD:LCD|Datas[2][0]       ; Stuck at GND due to stuck port data_in ;
; design_11:dut|LCD:LCD|Datas[2][1]       ; Stuck at GND due to stuck port data_in ;
; design_11:dut|LCD:LCD|Datas[2][2]       ; Stuck at VCC due to stuck port data_in ;
; design_11:dut|LCD:LCD|Datas[2][3]       ; Stuck at VCC due to stuck port data_in ;
; design_11:dut|LCD:LCD|Datas[2][4]       ; Stuck at GND due to stuck port data_in ;
; design_11:dut|LCD:LCD|Datas[2][5]       ; Stuck at GND due to stuck port data_in ;
; design_11:dut|LCD:LCD|Datas[2][6]       ; Stuck at GND due to stuck port data_in ;
; design_11:dut|LCD:LCD|Datas[2][7]       ; Stuck at GND due to stuck port data_in ;
; design_11:dut|LCD:LCD|Datas[1][0]       ; Stuck at GND due to stuck port data_in ;
; design_11:dut|LCD:LCD|Datas[1][1]       ; Stuck at GND due to stuck port data_in ;
; design_11:dut|LCD:LCD|Datas[1][2]       ; Stuck at GND due to stuck port data_in ;
; design_11:dut|LCD:LCD|Datas[1][3]       ; Stuck at VCC due to stuck port data_in ;
; design_11:dut|LCD:LCD|Datas[1][4]       ; Stuck at VCC due to stuck port data_in ;
; design_11:dut|LCD:LCD|Datas[1][5]       ; Stuck at VCC due to stuck port data_in ;
; design_11:dut|LCD:LCD|Datas[1][6]       ; Stuck at GND due to stuck port data_in ;
; design_11:dut|LCD:LCD|Datas[1][7]       ; Stuck at GND due to stuck port data_in ;
; design_11:dut|LCD:LCD|lcd_rw            ; Stuck at GND due to stuck port data_in ;
; design_11:dut|LCD:LCD|lcd_on            ; Stuck at VCC due to stuck port data_in ;
; design_11:dut|LCD:LCD|lcd_blon          ; Stuck at VCC due to stuck port data_in ;
; design_11:dut|LCD:LCD|Datas[25][4]      ; Stuck at VCC due to stuck port data_in ;
; design_11:dut|LCD:LCD|Datas[25][5]      ; Stuck at VCC due to stuck port data_in ;
; design_11:dut|LCD:LCD|Datas[25][6]      ; Stuck at GND due to stuck port data_in ;
; design_11:dut|LCD:LCD|Datas[25][7]      ; Stuck at GND due to stuck port data_in ;
; design_11:dut|LCD:LCD|Datas[24][4]      ; Stuck at VCC due to stuck port data_in ;
; design_11:dut|LCD:LCD|Datas[24][5]      ; Stuck at VCC due to stuck port data_in ;
; design_11:dut|LCD:LCD|Datas[24][6]      ; Stuck at GND due to stuck port data_in ;
; design_11:dut|LCD:LCD|Datas[24][7]      ; Stuck at GND due to stuck port data_in ;
; design_11:dut|LCD:LCD|Datas[23][4]      ; Stuck at VCC due to stuck port data_in ;
; design_11:dut|LCD:LCD|Datas[23][5]      ; Stuck at VCC due to stuck port data_in ;
; design_11:dut|LCD:LCD|Datas[23][6]      ; Stuck at GND due to stuck port data_in ;
; design_11:dut|LCD:LCD|Datas[23][7]      ; Stuck at GND due to stuck port data_in ;
; design_11:dut|LCD:LCD|Datas[22][4]      ; Stuck at VCC due to stuck port data_in ;
; design_11:dut|LCD:LCD|Datas[22][5]      ; Stuck at VCC due to stuck port data_in ;
; design_11:dut|LCD:LCD|Datas[22][6]      ; Stuck at GND due to stuck port data_in ;
; design_11:dut|LCD:LCD|Datas[22][7]      ; Stuck at GND due to stuck port data_in ;
; design_11:dut|LCD:LCD|Datas[9][4]       ; Stuck at VCC due to stuck port data_in ;
; design_11:dut|LCD:LCD|Datas[9][5]       ; Stuck at VCC due to stuck port data_in ;
; design_11:dut|LCD:LCD|Datas[9][6]       ; Stuck at GND due to stuck port data_in ;
; design_11:dut|LCD:LCD|Datas[9][7]       ; Stuck at GND due to stuck port data_in ;
; design_11:dut|LCD:LCD|Datas[8][4]       ; Stuck at VCC due to stuck port data_in ;
; design_11:dut|LCD:LCD|Datas[8][5]       ; Stuck at VCC due to stuck port data_in ;
; design_11:dut|LCD:LCD|Datas[8][6]       ; Stuck at GND due to stuck port data_in ;
; design_11:dut|LCD:LCD|Datas[8][7]       ; Stuck at GND due to stuck port data_in ;
; Total Number of Removed Registers = 171 ;                                        ;
+-----------------------------------------+----------------------------------------+


+------------------------------------------------------+
; General Register Statistics                          ;
+----------------------------------------------+-------+
; Statistic                                    ; Value ;
+----------------------------------------------+-------+
; Total registers                              ; 140   ;
; Number of registers using Synchronous Clear  ; 32    ;
; Number of registers using Synchronous Load   ; 4     ;
; Number of registers using Asynchronous Clear ; 26    ;
; Number of registers using Asynchronous Load  ; 0     ;
; Number of registers using Clock Enable       ; 32    ;
; Number of registers using Preset             ; 0     ;
+----------------------------------------------+-------+


+--------------------------------------------------+
; Inverted Register Statistics                     ;
+----------------------------------------+---------+
; Inverted Register                      ; Fan out ;
+----------------------------------------+---------+
; design_11:dut|LCD:LCD|j[0]             ; 20      ;
; design_11:dut|test11:test11|enable     ; 26      ;
; Total number of inverted registers = 2 ;         ;
+----------------------------------------+---------+


+---------------------------------------------------------------------------------------------------------------------------------------------------------------------------+
; Multiplexer Restructuring Statistics (Restructuring Performed)                                                                                                            ;
+--------------------+-----------+---------------+----------------------+------------------------+------------+-------------------------------------------------------------+
; Multiplexer Inputs ; Bus Width ; Baseline Area ; Area if Restructured ; Saving if Restructured ; Registered ; Example Multiplexer Output                                  ;
+--------------------+-----------+---------------+----------------------+------------------------+------------+-------------------------------------------------------------+
; 3:1                ; 32 bits   ; 64 LEs        ; 32 LEs               ; 32 LEs                 ; Yes        ; |wrapper_11|design_11:dut|LCD:LCD|i[16]                     ;
; 5:1                ; 31 bits   ; 93 LEs        ; 31 LEs               ; 62 LEs                 ; Yes        ; |wrapper_11|design_11:dut|LCD:LCD|j[3]                      ;
; 64:1               ; 4 bits    ; 168 LEs       ; 56 LEs               ; 112 LEs                ; Yes        ; |wrapper_11|design_11:dut|LCD:LCD|data_lcd[4]               ;
; 64:1               ; 4 bits    ; 168 LEs       ; 56 LEs               ; 112 LEs                ; Yes        ; |wrapper_11|design_11:dut|LCD:LCD|data_lcd[0]               ;
; 4:1                ; 32 bits   ; 64 LEs        ; 32 LEs               ; 32 LEs                 ; No         ; |wrapper_11|design_11:dut|LCD:LCD|j                         ;
; 5:1                ; 2 bits    ; 6 LEs         ; 4 LEs                ; 2 LEs                  ; No         ; |wrapper_11|design_11:dut|bin2dec:bin2dec|y                 ;
; 12:1               ; 2 bits    ; 16 LEs        ; 14 LEs               ; 2 LEs                  ; No         ; |wrapper_11|design_11:dut|bin2dec:bin2dec|y                 ;
; 12:1               ; 3 bits    ; 24 LEs        ; 21 LEs               ; 3 LEs                  ; No         ; |wrapper_11|design_11:dut|bin2dec:bin2dec|y                 ;
; 12:1               ; 4 bits    ; 32 LEs        ; 28 LEs               ; 4 LEs                  ; No         ; |wrapper_11|design_11:dut|bin2dec:bin2dec|dec_o[0][4]       ;
; 12:1               ; 9 bits    ; 72 LEs        ; 63 LEs               ; 9 LEs                  ; No         ; |wrapper_11|design_11:dut|bin2dec_5d:bin2dec_5d|y           ;
; 12:1               ; 10 bits   ; 80 LEs        ; 70 LEs               ; 10 LEs                 ; No         ; |wrapper_11|design_11:dut|bin2dec_5d:bin2dec_5d|y           ;
; 12:1               ; 11 bits   ; 88 LEs        ; 77 LEs               ; 11 LEs                 ; No         ; |wrapper_11|design_11:dut|bin2dec_5d:bin2dec_5d|y           ;
; 12:1               ; 4 bits    ; 32 LEs        ; 28 LEs               ; 4 LEs                  ; No         ; |wrapper_11|design_11:dut|bin2dec_5d:bin2dec_5d|dec_o[0][5] ;
+--------------------+-----------+---------------+----------------------+------------------------+------------+-------------------------------------------------------------+


+-------------------------------+
; Elapsed Time Per Partition    ;
+----------------+--------------+
; Partition Name ; Elapsed Time ;
+----------------+--------------+
; Top            ; 00:00:07     ;
+----------------+--------------+


+-------------------------------+
; Analysis & Synthesis Messages ;
+-------------------------------+
Info: *******************************************************************
Info: Running Quartus II 64-Bit Analysis & Synthesis
    Info: Version 13.0.1 Build 232 06/12/2013 Service Pack 1 SJ Web Edition
    Info: Processing started: Sat Apr 22 15:57:52 2023
Info: Command: quartus_map --read_settings_files=on --write_settings_files=off wrapper_11 -c wrapper_11
Warning (20028): Parallel compilation is not licensed and has been disabled
Info (12021): Found 1 design units, including 1 entities, in source file bin2dec_5d.sv
    Info (12023): Found entity 1: bin2dec_5d
Warning (10275): Verilog HDL Module Instantiation warning at wrapper_11.sv(23): ignored dangling comma in List of Port Connections
Info (12021): Found 1 design units, including 1 entities, in source file wrapper_11.sv
    Info (12023): Found entity 1: wrapper_11
Info (12021): Found 1 design units, including 1 entities, in source file test11.sv
    Info (12023): Found entity 1: test11
Info (12021): Found 1 design units, including 1 entities, in source file lcd.sv
    Info (12023): Found entity 1: LCD
Warning (10275): Verilog HDL Module Instantiation warning at design_11.sv(42): ignored dangling comma in List of Port Connections
Info (12021): Found 1 design units, including 1 entities, in source file design_11.sv
    Info (12023): Found entity 1: design_11
Info (12021): Found 1 design units, including 1 entities, in source file bin2dec.sv
    Info (12023): Found entity 1: bin2dec
Info (12127): Elaborating entity "wrapper_11" for the top level hierarchy
Warning (10034): Output port "LEDR[-1]" at wrapper_11.sv(7) has no driver
Info (12128): Elaborating entity "design_11" for hierarchy "design_11:dut"
Info (12128): Elaborating entity "test11" for hierarchy "design_11:dut|test11:test11"
Info (12128): Elaborating entity "bin2dec_5d" for hierarchy "design_11:dut|bin2dec_5d:bin2dec_5d"
Warning (10230): Verilog HDL assignment warning at bin2dec_5d.sv(14): truncated value with size 32 to match size of target (16)
Warning (10230): Verilog HDL assignment warning at bin2dec_5d.sv(15): truncated value with size 32 to match size of target (4)
Warning (10230): Verilog HDL assignment warning at bin2dec_5d.sv(25): truncated value with size 32 to match size of target (16)
Warning (10230): Verilog HDL assignment warning at bin2dec_5d.sv(26): truncated value with size 32 to match size of target (4)
Warning (10230): Verilog HDL assignment warning at bin2dec_5d.sv(36): truncated value with size 32 to match size of target (16)
Warning (10230): Verilog HDL assignment warning at bin2dec_5d.sv(37): truncated value with size 32 to match size of target (4)
Warning (10230): Verilog HDL assignment warning at bin2dec_5d.sv(47): truncated value with size 32 to match size of target (16)
Warning (10230): Verilog HDL assignment warning at bin2dec_5d.sv(48): truncated value with size 32 to match size of target (4)
Warning (10230): Verilog HDL assignment warning at bin2dec_5d.sv(52): truncated value with size 16 to match size of target (8)
Warning (10230): Verilog HDL assignment warning at bin2dec_5d.sv(56): truncated value with size 16 to match size of target (8)
Info (12128): Elaborating entity "bin2dec" for hierarchy "design_11:dut|bin2dec:bin2dec"
Warning (10230): Verilog HDL assignment warning at bin2dec.sv(14): truncated value with size 32 to match size of target (17)
Warning (10230): Verilog HDL assignment warning at bin2dec.sv(15): truncated value with size 32 to match size of target (4)
Warning (10230): Verilog HDL assignment warning at bin2dec.sv(25): truncated value with size 32 to match size of target (17)
Warning (10230): Verilog HDL assignment warning at bin2dec.sv(26): truncated value with size 32 to match size of target (4)
Warning (10230): Verilog HDL assignment warning at bin2dec.sv(30): truncated value with size 17 to match size of target (8)
Warning (10230): Verilog HDL assignment warning at bin2dec.sv(34): truncated value with size 17 to match size of target (8)
Info (12128): Elaborating entity "LCD" for hierarchy "design_11:dut|LCD:LCD"
Info (13000): Registers with preset signals will power-up high
Info (13003): DEV_CLRn pin will set, and not reset, register with preset signal due to NOT Gate Push-Back
Warning (13004): Presettable and clearable registers converted to equivalent circuits with latches. Registers power-up to an undefined state, and DEVCLRn places the registers in an undefined state.
    Warning (13310): Register "design_11:dut|test11:test11|data_N[0]" is converted into an equivalent circuit using register "design_11:dut|test11:test11|data_N[0]~_emulated" and latch "design_11:dut|test11:test11|data_N[0]~1"
    Warning (13310): Register "design_11:dut|test11:test11|data_N[1]" is converted into an equivalent circuit using register "design_11:dut|test11:test11|data_N[1]~_emulated" and latch "design_11:dut|test11:test11|data_N[1]~5"
    Warning (13310): Register "design_11:dut|test11:test11|data_N[2]" is converted into an equivalent circuit using register "design_11:dut|test11:test11|data_N[2]~_emulated" and latch "design_11:dut|test11:test11|data_N[2]~9"
    Warning (13310): Register "design_11:dut|test11:test11|data_N[3]" is converted into an equivalent circuit using register "design_11:dut|test11:test11|data_N[3]~_emulated" and latch "design_11:dut|test11:test11|data_N[3]~13"
    Warning (13310): Register "design_11:dut|test11:test11|data_N[4]" is converted into an equivalent circuit using register "design_11:dut|test11:test11|data_N[4]~_emulated" and latch "design_11:dut|test11:test11|data_N[4]~17"
    Warning (13310): Register "design_11:dut|test11:test11|data_N[5]" is converted into an equivalent circuit using register "design_11:dut|test11:test11|data_N[5]~_emulated" and latch "design_11:dut|test11:test11|data_N[5]~21"
    Warning (13310): Register "design_11:dut|test11:test11|data_N[6]" is converted into an equivalent circuit using register "design_11:dut|test11:test11|data_N[6]~_emulated" and latch "design_11:dut|test11:test11|data_N[6]~25"
    Warning (13310): Register "design_11:dut|test11:test11|data_N[7]" is converted into an equivalent circuit using register "design_11:dut|test11:test11|data_N[7]~_emulated" and latch "design_11:dut|test11:test11|data_N[7]~29"
Warning (13024): Output pins are stuck at VCC or GND
    Warning (13410): Pin "LCD_ON" is stuck at VCC
    Warning (13410): Pin "LCD_BLON" is stuck at VCC
    Warning (13410): Pin "LCD_RW" is stuck at GND
    Warning (13410): Pin "LEDR[-1]" is stuck at GND
Info (16010): Generating hard_block partition "hard_block:auto_generated_inst"
    Info (16011): Adding 0 node(s), including 0 DDIO, 0 PLL, 0 transceiver and 0 LCELL
Warning (21074): Design contains 1 input pin(s) that do not drive logic
    Warning (15610): No output dependent on input pin "KEY[-1]"
Info (21057): Implemented 1948 device resources after synthesis - the final resource count might be different
    Info (21058): Implemented 20 input pins
    Info (21059): Implemented 15 output pins
    Info (21061): Implemented 1913 logic cells
Info: Quartus II 64-Bit Analysis & Synthesis was successful. 0 errors, 36 warnings
    Info: Peak virtual memory: 4603 megabytes
    Info: Processing ended: Sat Apr 22 15:58:01 2023
    Info: Elapsed time: 00:00:09
    Info: Total CPU time (on all processors): 00:00:07


